<?xml version="1.0" encoding="UTF-8"?>
<!-- Generated by org.testng.reporters.JUnitReportReporter -->
<testsuite hostname="DESKTOP-45HEKQS" failures="0" tests="1" name="com.saucedemo.testclasses.CheckoutFunctionlity" time="11.226" errors="0" timestamp="2022-10-09T18:48:09 IST" skipped="0">
  <testcase classname="com.saucedemo.testclasses.CheckoutFunctionlity" name="CheckoutFunctionality" time="11.226"/>
  <system-out/>
</testsuite> <!-- com.saucedemo.testclasses.CheckoutFunctionlity -->
