<?xml version="1.0" encoding="UTF-8"?>
<!-- Generated by org.testng.reporters.JUnitReportReporter -->
<testsuite hostname="DESKTOP-45HEKQS" failures="0" tests="1" name="com.saucedemo.testclasses.AddToCart" time="8.282" errors="0" timestamp="2022-10-09T18:48:09 IST" skipped="0">
  <testcase classname="com.saucedemo.testclasses.AddToCart" name="AddToCart" time="8.282"/>
  <system-out/>
</testsuite> <!-- com.saucedemo.testclasses.AddToCart -->
